<?xml version="1.0" encoding="UTF-8"?>
<!-- Generated by org.testng.reporters.JUnitReportReporter -->
<testsuite hostname="LAPTOP-SMSC3E5O" failures="0" tests="3" name="test.day4" time="0.017" errors="0" timestamp="19 May 2019 19:47:53 GMT" skipped="0">
  <testcase classname="test.day4" name="MobileLoginHomeLoan" time="0.001"/>
  <testcase classname="test.day4" name="WebloginHomeLoan" time="0.002"/>
  <testcase classname="test.day4" name="LoginAPIHomeLoan" time="0.014"/>
</testsuite> <!-- test.day4 -->
