<?xml version="1.0" encoding="UTF-8"?>
<!-- Generated by org.testng.reporters.JUnitReportReporter -->
<testsuite hostname="LAPTOP-SMSC3E5O" failures="0" tests="2" name="test.day1" time="0.026" errors="0" timestamp="10 Sep 2019 20:25:26 GMT" skipped="0">
  <testcase classname="test.day1" name="SecondTest" time="0.001"/>
  <testcase classname="test.day1" name="Demo" time="0.025"/>
</testsuite> <!-- test.day1 -->
