<?xml version="1.0" encoding="UTF-8"?>
<!-- Generated by org.testng.reporters.JUnitReportReporter -->
<testsuite hostname="LAPTOP-SMSC3E5O" failures="0" tests="1" name="test.day2" time="0.001" errors="0" timestamp="18 May 2019 01:18:54 GMT" skipped="0">
  <testcase classname="test.day2" name="ploan" time="0.001"/>
</testsuite> <!-- test.day2 -->
